  AsyncSelectServer.cpp
d:\documents\visual studio 2015\projects\asyncselectserver\asyncselectserver\asyncselectserver.cpp(25): warning C4005: 'FD_SETSIZE': macro redefinition
  c:\program files (x86)\windows kits\8.1\include\um\winsock2.h(133): note: see previous definition of 'FD_SETSIZE'
d:\documents\visual studio 2015\projects\asyncselectserver\asyncselectserver\asyncselectserver.cpp(82): warning C4996: 'WSAAsyncSelect': Use WSAEventSelect() instead or define _WINSOCK_DEPRECATED_NO_WARNINGS to disable deprecated API warnings
  c:\program files (x86)\windows kits\8.1\include\um\winsock2.h(2699): note: see declaration of 'WSAAsyncSelect'
d:\documents\visual studio 2015\projects\asyncselectserver\asyncselectserver\asyncselectserver.cpp(216): warning C4996: 'strcpy': This function or variable may be unsafe. Consider using strcpy_s instead. To disable deprecation, use _CRT_SECURE_NO_WARNINGS. See online help for details.
  c:\program files (x86)\windows kits\10\include\10.0.10240.0\ucrt\string.h(119): note: see declaration of 'strcpy'
d:\documents\visual studio 2015\projects\asyncselectserver\asyncselectserver\asyncselectserver.cpp(220): warning C4996: 'WSAAsyncSelect': Use WSAEventSelect() instead or define _WINSOCK_DEPRECATED_NO_WARNINGS to disable deprecated API warnings
  c:\program files (x86)\windows kits\8.1\include\um\winsock2.h(2699): note: see declaration of 'WSAAsyncSelect'
d:\documents\visual studio 2015\projects\asyncselectserver\asyncselectserver\asyncselectserver.cpp(188): warning C4101: 'sendBuff': unreferenced local variable
d:\documents\visual studio 2015\projects\asyncselectserver\asyncselectserver\asyncselectserver.cpp(326): warning C4996: 'strcpy': This function or variable may be unsafe. Consider using strcpy_s instead. To disable deprecation, use _CRT_SECURE_NO_WARNINGS. See online help for details.
  c:\program files (x86)\windows kits\10\include\10.0.10240.0\ucrt\string.h(119): note: see declaration of 'strcpy'
d:\documents\visual studio 2015\projects\asyncselectserver\asyncselectserver\asyncselectserver.cpp(330): warning C4996: 'strcpy': This function or variable may be unsafe. Consider using strcpy_s instead. To disable deprecation, use _CRT_SECURE_NO_WARNINGS. See online help for details.
  c:\program files (x86)\windows kits\10\include\10.0.10240.0\ucrt\string.h(119): note: see declaration of 'strcpy'
d:\documents\visual studio 2015\projects\asyncselectserver\asyncselectserver\asyncselectserver.cpp(335): warning C4996: 'strcpy': This function or variable may be unsafe. Consider using strcpy_s instead. To disable deprecation, use _CRT_SECURE_NO_WARNINGS. See online help for details.
  c:\program files (x86)\windows kits\10\include\10.0.10240.0\ucrt\string.h(119): note: see declaration of 'strcpy'
d:\documents\visual studio 2015\projects\asyncselectserver\asyncselectserver\asyncselectserver.cpp(356): warning C4996: 'strcpy': This function or variable may be unsafe. Consider using strcpy_s instead. To disable deprecation, use _CRT_SECURE_NO_WARNINGS. See online help for details.
  c:\program files (x86)\windows kits\10\include\10.0.10240.0\ucrt\string.h(119): note: see declaration of 'strcpy'
d:\documents\visual studio 2015\projects\asyncselectserver\asyncselectserver\asyncselectserver.cpp(373): warning C4996: 'strcpy': This function or variable may be unsafe. Consider using strcpy_s instead. To disable deprecation, use _CRT_SECURE_NO_WARNINGS. See online help for details.
  c:\program files (x86)\windows kits\10\include\10.0.10240.0\ucrt\string.h(119): note: see declaration of 'strcpy'
d:\documents\visual studio 2015\projects\asyncselectserver\asyncselectserver\asyncselectserver.cpp(384): warning C4996: 'strcpy': This function or variable may be unsafe. Consider using strcpy_s instead. To disable deprecation, use _CRT_SECURE_NO_WARNINGS. See online help for details.
  c:\program files (x86)\windows kits\10\include\10.0.10240.0\ucrt\string.h(119): note: see declaration of 'strcpy'
d:\documents\visual studio 2015\projects\asyncselectserver\asyncselectserver\asyncselectserver.cpp(400): warning C4996: 'strcpy': This function or variable may be unsafe. Consider using strcpy_s instead. To disable deprecation, use _CRT_SECURE_NO_WARNINGS. See online help for details.
  c:\program files (x86)\windows kits\10\include\10.0.10240.0\ucrt\string.h(119): note: see declaration of 'strcpy'
d:\documents\visual studio 2015\projects\asyncselectserver\asyncselectserver\asyncselectserver.cpp(416): warning C4996: 'strcpy': This function or variable may be unsafe. Consider using strcpy_s instead. To disable deprecation, use _CRT_SECURE_NO_WARNINGS. See online help for details.
  c:\program files (x86)\windows kits\10\include\10.0.10240.0\ucrt\string.h(119): note: see declaration of 'strcpy'
d:\documents\visual studio 2015\projects\asyncselectserver\asyncselectserver\asyncselectserver.cpp(424): warning C4101: 'ret': unreferenced local variable
  AsyncSelectServer.vcxproj -> D:\Documents\Visual Studio 2015\Projects\AsyncSelectServer\Debug\AsyncSelectServer.exe
  AsyncSelectServer.vcxproj -> D:\Documents\Visual Studio 2015\Projects\AsyncSelectServer\Debug\AsyncSelectServer.pdb (Full PDB)
